<?xml version="1.0" encoding="UTF-8"?>
<!-- Generated by org.testng.reporters.JUnitReportReporter -->
<testsuite skipped="0" hostname="Kugan-PC" name="completeFramework.SamTest" tests="1" failures="0" timestamp="24 Jul 2020 05:02:23 GMT" time="0.048" errors="0">
  <testcase name="demo" time="0.048" classname="completeFramework.SamTest"/>
</testsuite> <!-- completeFramework.SamTest -->
