<?xml version="1.0" encoding="UTF-8"?>
<!-- Generated by org.testng.reporters.JUnitReportReporter -->
<testsuite hostname="Kugan-PC" name="completeFramework.HomePage" tests="2" failures="0" timestamp="4 Aug 2020 10:51:00 GMT" time="84.427" errors="0">
  <testcase name="open_browser" time="43.611" classname="completeFramework.HomePage"/>
  <testcase name="open_browser" time="40.816" classname="completeFramework.HomePage"/>
</testsuite> <!-- completeFramework.HomePage -->
